{"/Users/rafaeljesus/agencia/app.js":{"path":"/Users/rafaeljesus/agencia/app.js","s":{"1":1,"2":1,"3":1,"4":1,"5":1,"6":1,"7":1,"8":1,"9":1,"10":1,"11":1,"12":1,"13":1,"14":1,"15":1,"16":1,"17":1},"b":{"1":[1,1]},"f":{"1":1},"fnMap":{"1":{"name":"(anonymous_1)","line":37,"loc":{"start":{"line":37,"column":17},"end":{"line":37,"column":27}}}},"statementMap":{"1":{"start":{"line":1,"column":0},"end":{"line":13,"column":20}},"2":{"start":{"line":15,"column":0},"end":{"line":15,"column":52}},"3":{"start":{"line":16,"column":0},"end":{"line":16,"column":30}},"4":{"start":{"line":18,"column":0},"end":{"line":18,"column":32}},"5":{"start":{"line":19,"column":0},"end":{"line":19,"column":19}},"6":{"start":{"line":20,"column":0},"end":{"line":20,"column":27}},"7":{"start":{"line":21,"column":0},"end":{"line":21,"column":33}},"8":{"start":{"line":22,"column":0},"end":{"line":22,"column":26}},"9":{"start":{"line":23,"column":0},"end":{"line":23,"column":24}},"10":{"start":{"line":24,"column":0},"end":{"line":27,"column":4}},"11":{"start":{"line":28,"column":0},"end":{"line":28,"column":56}},"12":{"start":{"line":29,"column":0},"end":{"line":29,"column":20}},"13":{"start":{"line":31,"column":0},"end":{"line":33,"column":13}},"14":{"start":{"line":35,"column":0},"end":{"line":35,"column":44}},"15":{"start":{"line":37,"column":0},"end":{"line":39,"column":3}},"16":{"start":{"line":38,"column":2},"end":{"line":38,"column":54}},"17":{"start":{"line":41,"column":0},"end":{"line":41,"column":21}}},"branchMap":{"1":{"line":35,"type":"binary-expr","locations":[{"start":{"line":35,"column":18},"end":{"line":35,"column":34}},{"start":{"line":35,"column":38},"end":{"line":35,"column":42}}]}}},"/Users/rafaeljesus/agencia/app/controllers/authentication.js":{"path":"/Users/rafaeljesus/agencia/app/controllers/authentication.js","s":{"1":1,"2":1,"3":1,"4":1,"5":1,"6":1,"7":0,"8":1,"9":1,"10":1,"11":0,"12":1,"13":1,"14":1,"15":0,"16":1},"b":{},"f":{"1":1,"2":1,"3":1,"4":0,"5":1,"6":1,"7":0,"8":1,"9":1,"10":0},"fnMap":{"1":{"name":"(anonymous_1)","line":1,"loc":{"start":{"line":1,"column":17},"end":{"line":1,"column":30}}},"2":{"name":"(anonymous_2)","line":7,"loc":{"start":{"line":7,"column":18},"end":{"line":7,"column":37}}},"3":{"name":"(anonymous_3)","line":8,"loc":{"start":{"line":8,"column":39},"end":{"line":8,"column":54}}},"4":{"name":"(anonymous_4)","line":15,"loc":{"start":{"line":15,"column":9},"end":{"line":15,"column":23}}},"5":{"name":"(anonymous_5)","line":20,"loc":{"start":{"line":20,"column":14},"end":{"line":20,"column":33}}},"6":{"name":"(anonymous_6)","line":21,"loc":{"start":{"line":21,"column":35},"end":{"line":21,"column":50}}},"7":{"name":"(anonymous_7)","line":28,"loc":{"start":{"line":28,"column":9},"end":{"line":28,"column":23}}},"8":{"name":"(anonymous_8)","line":33,"loc":{"start":{"line":33,"column":19},"end":{"line":33,"column":38}}},"9":{"name":"(anonymous_9)","line":38,"loc":{"start":{"line":38,"column":34},"end":{"line":38,"column":49}}},"10":{"name":"(anonymous_10)","line":40,"loc":{"start":{"line":40,"column":9},"end":{"line":40,"column":23}}}},"statementMap":{"1":{"start":{"line":1,"column":0},"end":{"line":48,"column":2}},"2":{"start":{"line":3,"column":2},"end":{"line":3,"column":39}},"3":{"start":{"line":5,"column":2},"end":{"line":44,"column":4}},"4":{"start":{"line":8,"column":6},"end":{"line":17,"column":9}},"5":{"start":{"line":9,"column":7},"end":{"line":14,"column":8}},"6":{"start":{"line":14,"column":8},"end":{"line":14,"column":35}},"7":{"start":{"line":16,"column":8},"end":{"line":16,"column":27}},"8":{"start":{"line":21,"column":6},"end":{"line":30,"column":9}},"9":{"start":{"line":22,"column":8},"end":{"line":27,"column":8}},"10":{"start":{"line":27,"column":8},"end":{"line":27,"column":35}},"11":{"start":{"line":29,"column":8},"end":{"line":29,"column":22}},"12":{"start":{"line":34,"column":5},"end":{"line":38,"column":6}},"13":{"start":{"line":38,"column":6},"end":{"line":42,"column":9}},"14":{"start":{"line":39,"column":8},"end":{"line":39,"column":22}},"15":{"start":{"line":41,"column":8},"end":{"line":41,"column":22}},"16":{"start":{"line":46,"column":2},"end":{"line":46,"column":24}}},"branchMap":{}},"/Users/rafaeljesus/agencia/app/models/index.js":{"path":"/Users/rafaeljesus/agencia/app/models/index.js","s":{"1":1,"2":1,"3":13,"4":12,"5":12,"6":1,"7":12,"8":11,"9":1},"b":{"1":[13,13],"2":[11,1]},"f":{"1":13,"2":12,"3":12},"fnMap":{"1":{"name":"(anonymous_1)","line":15,"loc":{"start":{"line":15,"column":10},"end":{"line":15,"column":25}}},"2":{"name":"(anonymous_2)","line":18,"loc":{"start":{"line":18,"column":11},"end":{"line":18,"column":26}}},"3":{"name":"(anonymous_3)","line":23,"loc":{"start":{"line":23,"column":24},"end":{"line":23,"column":44}}}},"statementMap":{"1":{"start":{"line":1,"column":0},"end":{"line":11,"column":7}},"2":{"start":{"line":13,"column":0},"end":{"line":21,"column":5}},"3":{"start":{"line":16,"column":4},"end":{"line":17,"column":2}},"4":{"start":{"line":19,"column":4},"end":{"line":20,"column":4}},"5":{"start":{"line":20,"column":4},"end":{"line":21,"column":2}},"6":{"start":{"line":23,"column":0},"end":{"line":27,"column":3}},"7":{"start":{"line":24,"column":2},"end":{"line":26,"column":3}},"8":{"start":{"line":25,"column":4},"end":{"line":26,"column":2}},"9":{"start":{"line":29,"column":0},"end":{"line":32,"column":7}}},"branchMap":{"1":{"line":16,"type":"binary-expr","locations":[{"start":{"line":16,"column":12},"end":{"line":16,"column":35}},{"start":{"line":16,"column":41},"end":{"line":16,"column":60}}]},"2":{"line":24,"type":"if","locations":[{"start":{"line":24,"column":2},"end":{"line":24,"column":2}},{"start":{"line":24,"column":2},"end":{"line":24,"column":2}}]}}},"/Users/rafaeljesus/agencia/app/models/alert.js":{"path":"/Users/rafaeljesus/agencia/app/models/alert.js","s":{"1":1,"2":1,"3":1,"4":1},"b":{},"f":{"1":1,"2":1},"fnMap":{"1":{"name":"(anonymous_1)","line":1,"loc":{"start":{"line":1,"column":17},"end":{"line":1,"column":47}}},"2":{"name":"(anonymous_2)","line":5,"loc":{"start":{"line":5,"column":17},"end":{"line":5,"column":33}}}},"statementMap":{"1":{"start":{"line":1,"column":0},"end":{"line":13,"column":2}},"2":{"start":{"line":3,"column":2},"end":{"line":10,"column":5}},"3":{"start":{"line":6,"column":8},"end":{"line":6,"column":111}},"4":{"start":{"line":12,"column":2},"end":{"line":12,"column":15}}},"branchMap":{}},"/Users/rafaeljesus/agencia/app/models/answer.js":{"path":"/Users/rafaeljesus/agencia/app/models/answer.js","s":{"1":1,"2":1,"3":1,"4":1,"5":1},"b":{},"f":{"1":1,"2":1},"fnMap":{"1":{"name":"(anonymous_1)","line":1,"loc":{"start":{"line":1,"column":17},"end":{"line":1,"column":47}}},"2":{"name":"(anonymous_2)","line":9,"loc":{"start":{"line":9,"column":17},"end":{"line":9,"column":34}}}},"statementMap":{"1":{"start":{"line":1,"column":0},"end":{"line":19,"column":2}},"2":{"start":{"line":3,"column":2},"end":{"line":5,"column":4}},"3":{"start":{"line":7,"column":2},"end":{"line":15,"column":5}},"4":{"start":{"line":10,"column":8},"end":{"line":10,"column":63}},"5":{"start":{"line":17,"column":2},"end":{"line":17,"column":16}}},"branchMap":{}},"/Users/rafaeljesus/agencia/app/models/contact.js":{"path":"/Users/rafaeljesus/agencia/app/models/contact.js","s":{"1":1,"2":1,"3":1,"4":6,"5":6,"6":0,"7":6,"8":1,"9":7,"10":7,"11":7,"12":5,"13":0,"14":0,"15":0,"16":5,"17":5,"18":7,"19":6,"20":1,"21":5,"22":7,"23":7,"24":1,"25":1,"26":7,"27":1,"28":6,"29":0,"30":6,"31":7,"32":1,"33":2,"34":2,"35":1,"36":1,"37":0,"38":1,"39":1,"40":1,"41":1},"b":{"1":[0,6],"2":[0,5],"3":[1,5],"4":[6,6],"5":[1,6],"6":[7,7,7],"7":[1,6],"8":[7,7],"9":[0,6],"10":[1,1],"11":[2,2],"12":[0,1]},"f":{"1":1,"2":6,"3":6,"4":7,"5":7,"6":5,"7":6,"8":7,"9":2,"10":2,"11":1},"fnMap":{"1":{"name":"(anonymous_1)","line":1,"loc":{"start":{"line":1,"column":17},"end":{"line":1,"column":48}}},"2":{"name":"(anonymous_2)","line":12,"loc":{"start":{"line":12,"column":13},"end":{"line":12,"column":42}}},"3":{"name":"(anonymous_3)","line":15,"loc":{"start":{"line":15,"column":16},"end":{"line":15,"column":39}}},"4":{"name":"(anonymous_4)","line":21,"loc":{"start":{"line":21,"column":22},"end":{"line":21,"column":56}}},"5":{"name":"(anonymous_5)","line":22,"loc":{"start":{"line":22,"column":26},"end":{"line":22,"column":48}}},"6":{"name":"(anonymous_6)","line":24,"loc":{"start":{"line":24,"column":33},"end":{"line":24,"column":56}}},"7":{"name":"(anonymous_7)","line":34,"loc":{"start":{"line":34,"column":38},"end":{"line":34,"column":61}}},"8":{"name":"(anonymous_8)","line":39,"loc":{"start":{"line":39,"column":38},"end":{"line":39,"column":62}}},"9":{"name":"(anonymous_9)","line":66,"loc":{"start":{"line":66,"column":23},"end":{"line":66,"column":57}}},"10":{"name":"(anonymous_10)","line":72,"loc":{"start":{"line":72,"column":16},"end":{"line":72,"column":40}}},"11":{"name":"(anonymous_11)","line":91,"loc":{"start":{"line":91,"column":17},"end":{"line":91,"column":34}}}},"statementMap":{"1":{"start":{"line":1,"column":0},"end":{"line":103,"column":2}},"2":{"start":{"line":3,"column":2},"end":{"line":12,"column":2}},"3":{"start":{"line":12,"column":2},"end":{"line":19,"column":4}},"4":{"start":{"line":13,"column":4},"end":{"line":18,"column":9}},"5":{"start":{"line":16,"column":8},"end":{"line":16,"column":35}},"6":{"start":{"line":16,"column":17},"end":{"line":16,"column":35}},"7":{"start":{"line":17,"column":8},"end":{"line":17,"column":32}},"8":{"start":{"line":21,"column":2},"end":{"line":64,"column":4}},"9":{"start":{"line":22,"column":4},"end":{"line":63,"column":7}},"10":{"start":{"line":23,"column":6},"end":{"line":23,"column":94}},"11":{"start":{"line":24,"column":6},"end":{"line":34,"column":6}},"12":{"start":{"line":25,"column":8},"end":{"line":29,"column":9}},"13":{"start":{"line":26,"column":10},"end":{"line":26,"column":33}},"14":{"start":{"line":27,"column":10},"end":{"line":27,"column":48}},"15":{"start":{"line":28,"column":10},"end":{"line":28,"column":33}},"16":{"start":{"line":30,"column":8},"end":{"line":30,"column":29}},"17":{"start":{"line":31,"column":8},"end":{"line":31,"column":25}},"18":{"start":{"line":34,"column":6},"end":{"line":39,"column":6}},"19":{"start":{"line":35,"column":8},"end":{"line":35,"column":52}},"20":{"start":{"line":35,"column":29},"end":{"line":35,"column":52}},"21":{"start":{"line":36,"column":8},"end":{"line":36,"column":80}},"22":{"start":{"line":39,"column":6},"end":{"line":57,"column":6}},"23":{"start":{"line":40,"column":8},"end":{"line":43,"column":9}},"24":{"start":{"line":41,"column":10},"end":{"line":41,"column":33}},"25":{"start":{"line":42,"column":10},"end":{"line":42,"column":48}},"26":{"start":{"line":45,"column":8},"end":{"line":50,"column":9}},"27":{"start":{"line":46,"column":10},"end":{"line":49,"column":13}},"28":{"start":{"line":51,"column":8},"end":{"line":51,"column":41}},"29":{"start":{"line":51,"column":18},"end":{"line":51,"column":41}},"30":{"start":{"line":52,"column":8},"end":{"line":54,"column":47}},"31":{"start":{"line":57,"column":6},"end":{"line":62,"column":45}},"32":{"start":{"line":66,"column":2},"end":{"line":86,"column":4}},"33":{"start":{"line":67,"column":4},"end":{"line":85,"column":7}},"34":{"start":{"line":73,"column":6},"end":{"line":77,"column":7}},"35":{"start":{"line":74,"column":8},"end":{"line":76,"column":104}},"36":{"start":{"line":78,"column":6},"end":{"line":83,"column":7}},"37":{"start":{"line":79,"column":8},"end":{"line":82,"column":11}},"38":{"start":{"line":84,"column":6},"end":{"line":84,"column":23}},"39":{"start":{"line":88,"column":2},"end":{"line":99,"column":5}},"40":{"start":{"line":92,"column":8},"end":{"line":92,"column":69}},"41":{"start":{"line":101,"column":2},"end":{"line":101,"column":17}}},"branchMap":{"1":{"line":16,"type":"if","locations":[{"start":{"line":16,"column":8},"end":{"line":16,"column":8}},{"start":{"line":16,"column":8},"end":{"line":16,"column":8}}]},"2":{"line":25,"type":"if","locations":[{"start":{"line":25,"column":8},"end":{"line":25,"column":8}},{"start":{"line":25,"column":8},"end":{"line":25,"column":8}}]},"3":{"line":35,"type":"if","locations":[{"start":{"line":35,"column":8},"end":{"line":35,"column":8}},{"start":{"line":35,"column":8},"end":{"line":35,"column":8}}]},"4":{"line":35,"type":"binary-expr","locations":[{"start":{"line":35,"column":12},"end":{"line":35,"column":15}},{"start":{"line":35,"column":19},"end":{"line":35,"column":27}}]},"5":{"line":40,"type":"if","locations":[{"start":{"line":40,"column":8},"end":{"line":40,"column":8}},{"start":{"line":40,"column":8},"end":{"line":40,"column":8}}]},"6":{"line":40,"type":"binary-expr","locations":[{"start":{"line":40,"column":12},"end":{"line":40,"column":15}},{"start":{"line":40,"column":21},"end":{"line":40,"column":29}},{"start":{"line":40,"column":33},"end":{"line":40,"column":44}}]},"7":{"line":45,"type":"if","locations":[{"start":{"line":45,"column":8},"end":{"line":45,"column":8}},{"start":{"line":45,"column":8},"end":{"line":45,"column":8}}]},"8":{"line":45,"type":"binary-expr","locations":[{"start":{"line":45,"column":12},"end":{"line":45,"column":20}},{"start":{"line":45,"column":24},"end":{"line":45,"column":37}}]},"9":{"line":51,"type":"if","locations":[{"start":{"line":51,"column":8},"end":{"line":51,"column":8}},{"start":{"line":51,"column":8},"end":{"line":51,"column":8}}]},"10":{"line":73,"type":"if","locations":[{"start":{"line":73,"column":6},"end":{"line":73,"column":6}},{"start":{"line":73,"column":6},"end":{"line":73,"column":6}}]},"11":{"line":73,"type":"binary-expr","locations":[{"start":{"line":73,"column":10},"end":{"line":73,"column":18}},{"start":{"line":73,"column":22},"end":{"line":73,"column":35}}]},"12":{"line":78,"type":"if","locations":[{"start":{"line":78,"column":6},"end":{"line":78,"column":6}},{"start":{"line":78,"column":6},"end":{"line":78,"column":6}}]}}},"/Users/rafaeljesus/agencia/app/models/message.js":{"path":"/Users/rafaeljesus/agencia/app/models/message.js","s":{"1":1,"2":1,"3":1,"4":1,"5":1,"6":1},"b":{},"f":{"1":1,"2":1},"fnMap":{"1":{"name":"(anonymous_1)","line":1,"loc":{"start":{"line":1,"column":17},"end":{"line":1,"column":47}}},"2":{"name":"(anonymous_2)","line":11,"loc":{"start":{"line":11,"column":17},"end":{"line":11,"column":34}}}},"statementMap":{"1":{"start":{"line":1,"column":0},"end":{"line":22,"column":2}},"2":{"start":{"line":3,"column":2},"end":{"line":7,"column":4}},"3":{"start":{"line":9,"column":2},"end":{"line":19,"column":5}},"4":{"start":{"line":12,"column":8},"end":{"line":12,"column":89}},"5":{"start":{"line":13,"column":8},"end":{"line":13,"column":89}},"6":{"start":{"line":21,"column":2},"end":{"line":21,"column":17}}},"branchMap":{}},"/Users/rafaeljesus/agencia/app/models/payment.js":{"path":"/Users/rafaeljesus/agencia/app/models/payment.js","s":{"1":1,"2":1,"3":1,"4":1,"5":1},"b":{},"f":{"1":1,"2":1},"fnMap":{"1":{"name":"(anonymous_1)","line":1,"loc":{"start":{"line":1,"column":17},"end":{"line":1,"column":47}}},"2":{"name":"(anonymous_2)","line":14,"loc":{"start":{"line":14,"column":19},"end":{"line":14,"column":36}}}},"statementMap":{"1":{"start":{"line":1,"column":0},"end":{"line":24,"column":2}},"2":{"start":{"line":3,"column":2},"end":{"line":10,"column":4}},"3":{"start":{"line":12,"column":2},"end":{"line":21,"column":7}},"4":{"start":{"line":15,"column":10},"end":{"line":15,"column":91}},"5":{"start":{"line":23,"column":2},"end":{"line":23,"column":17}}},"branchMap":{}},"/Users/rafaeljesus/agencia/app/models/picture.js":{"path":"/Users/rafaeljesus/agencia/app/models/picture.js","s":{"1":1,"2":1,"3":1,"4":0,"5":0,"6":0,"7":0,"8":1,"9":0,"10":0,"11":0,"12":0,"13":0,"14":0,"15":0,"16":1,"17":1,"18":1},"b":{"1":[0,0],"2":[0,0]},"f":{"1":1,"2":0,"3":0,"4":0,"5":0,"6":1},"fnMap":{"1":{"name":"(anonymous_1)","line":1,"loc":{"start":{"line":1,"column":17},"end":{"line":1,"column":47}}},"2":{"name":"(anonymous_2)","line":9,"loc":{"start":{"line":9,"column":13},"end":{"line":9,"column":42}}},"3":{"name":"(anonymous_3)","line":12,"loc":{"start":{"line":12,"column":16},"end":{"line":12,"column":39}}},"4":{"name":"(anonymous_4)","line":20,"loc":{"start":{"line":20,"column":15},"end":{"line":20,"column":49}}},"5":{"name":"(anonymous_5)","line":25,"loc":{"start":{"line":25,"column":32},"end":{"line":25,"column":57}}},"6":{"name":"(anonymous_6)","line":44,"loc":{"start":{"line":44,"column":17},"end":{"line":44,"column":34}}}},"statementMap":{"1":{"start":{"line":1,"column":0},"end":{"line":55,"column":2}},"2":{"start":{"line":3,"column":2},"end":{"line":7,"column":4}},"3":{"start":{"line":9,"column":2},"end":{"line":18,"column":4}},"4":{"start":{"line":10,"column":4},"end":{"line":17,"column":9}},"5":{"start":{"line":13,"column":8},"end":{"line":15,"column":9}},"6":{"start":{"line":14,"column":10},"end":{"line":14,"column":28}},"7":{"start":{"line":16,"column":8},"end":{"line":16,"column":32}},"8":{"start":{"line":20,"column":2},"end":{"line":40,"column":4}},"9":{"start":{"line":21,"column":4},"end":{"line":25,"column":4}},"10":{"start":{"line":25,"column":4},"end":{"line":35,"column":4}},"11":{"start":{"line":26,"column":6},"end":{"line":29,"column":7}},"12":{"start":{"line":27,"column":8},"end":{"line":27,"column":46}},"13":{"start":{"line":28,"column":8},"end":{"line":28,"column":31}},"14":{"start":{"line":30,"column":6},"end":{"line":33,"column":30}},"15":{"start":{"line":35,"column":4},"end":{"line":39,"column":39}},"16":{"start":{"line":42,"column":2},"end":{"line":52,"column":5}},"17":{"start":{"line":45,"column":8},"end":{"line":45,"column":89}},"18":{"start":{"line":54,"column":2},"end":{"line":54,"column":17}}},"branchMap":{"1":{"line":13,"type":"if","locations":[{"start":{"line":13,"column":8},"end":{"line":13,"column":8}},{"start":{"line":13,"column":8},"end":{"line":13,"column":8}}]},"2":{"line":26,"type":"if","locations":[{"start":{"line":26,"column":6},"end":{"line":26,"column":6}},{"start":{"line":26,"column":6},"end":{"line":26,"column":6}}]}}},"/Users/rafaeljesus/agencia/app/models/poll.js":{"path":"/Users/rafaeljesus/agencia/app/models/poll.js","s":{"1":1,"2":1,"3":1,"4":1,"5":1},"b":{},"f":{"1":1,"2":1},"fnMap":{"1":{"name":"(anonymous_1)","line":1,"loc":{"start":{"line":1,"column":17},"end":{"line":1,"column":47}}},"2":{"name":"(anonymous_2)","line":9,"loc":{"start":{"line":9,"column":17},"end":{"line":9,"column":34}}}},"statementMap":{"1":{"start":{"line":1,"column":0},"end":{"line":18,"column":2}},"2":{"start":{"line":3,"column":2},"end":{"line":5,"column":4}},"3":{"start":{"line":7,"column":2},"end":{"line":15,"column":5}},"4":{"start":{"line":10,"column":8},"end":{"line":10,"column":63}},"5":{"start":{"line":17,"column":2},"end":{"line":17,"column":14}}},"branchMap":{}},"/Users/rafaeljesus/agencia/app/models/presented_users.js":{"path":"/Users/rafaeljesus/agencia/app/models/presented_users.js","s":{"1":1,"2":1,"3":1,"4":1,"5":1,"6":1},"b":{},"f":{"1":1,"2":1},"fnMap":{"1":{"name":"(anonymous_1)","line":1,"loc":{"start":{"line":1,"column":17},"end":{"line":1,"column":47}}},"2":{"name":"(anonymous_2)","line":11,"loc":{"start":{"line":11,"column":17},"end":{"line":11,"column":34}}}},"statementMap":{"1":{"start":{"line":1,"column":0},"end":{"line":22,"column":2}},"2":{"start":{"line":3,"column":2},"end":{"line":7,"column":4}},"3":{"start":{"line":9,"column":2},"end":{"line":19,"column":5}},"4":{"start":{"line":12,"column":8},"end":{"line":12,"column":96}},"5":{"start":{"line":13,"column":8},"end":{"line":13,"column":108}},"6":{"start":{"line":21,"column":2},"end":{"line":21,"column":24}}},"branchMap":{}},"/Users/rafaeljesus/agencia/app/models/topic.js":{"path":"/Users/rafaeljesus/agencia/app/models/topic.js","s":{"1":1,"2":1,"3":1,"4":1,"5":1},"b":{},"f":{"1":1,"2":1},"fnMap":{"1":{"name":"(anonymous_1)","line":1,"loc":{"start":{"line":1,"column":17},"end":{"line":1,"column":48}}},"2":{"name":"(anonymous_2)","line":11,"loc":{"start":{"line":11,"column":17},"end":{"line":11,"column":34}}}},"statementMap":{"1":{"start":{"line":1,"column":0},"end":{"line":21,"column":2}},"2":{"start":{"line":3,"column":2},"end":{"line":7,"column":4}},"3":{"start":{"line":9,"column":2},"end":{"line":18,"column":5}},"4":{"start":{"line":12,"column":8},"end":{"line":12,"column":87}},"5":{"start":{"line":20,"column":2},"end":{"line":20,"column":15}}},"branchMap":{}},"/Users/rafaeljesus/agencia/app/models/user.js":{"path":"/Users/rafaeljesus/agencia/app/models/user.js","s":{"1":1,"2":1,"3":1,"4":1,"5":3,"6":3,"7":3,"8":3,"9":0,"10":3,"11":1,"12":28,"13":28,"14":28,"15":28,"16":28,"17":28,"18":27,"19":1,"20":1,"21":26,"22":26,"23":28,"24":28,"25":1,"26":28,"27":1,"28":27,"29":0,"30":27,"31":28,"32":1,"33":1,"34":1,"35":1,"36":1,"37":0,"38":1,"39":1,"40":0,"41":1,"42":1,"43":1,"44":1,"45":0,"46":1,"47":1,"48":0,"49":0,"50":0,"51":0,"52":0,"53":0,"54":0,"55":0,"56":0,"57":0,"58":0,"59":0,"60":0,"61":0,"62":0,"63":0,"64":0,"65":0,"66":0,"67":0,"68":0,"69":0,"70":1,"71":2,"72":2,"73":2,"74":2,"75":2,"76":1,"77":0,"78":1,"79":1,"80":0,"81":1,"82":2,"83":2,"84":1,"85":1,"86":1,"87":2,"88":2,"89":1,"90":1,"91":0,"92":1,"93":1,"94":1},"b":{"1":[0,3],"2":[3,3],"3":[1,26],"4":[1,27],"5":[28,28,28],"6":[1,27],"7":[28,28],"8":[0,27],"9":[0,1],"10":[0,1],"11":[0,1],"12":[0,0],"13":[0,0],"14":[0,0],"15":[0,0,0],"16":[0,0],"17":[0,0],"18":[0,0],"19":[0,1],"20":[0,1],"21":[1,1],"22":[2,2,2],"23":[1,1],"24":[2,2],"25":[0,1]},"f":{"1":1,"2":3,"3":3,"4":28,"5":28,"6":27,"7":28,"8":1,"9":1,"10":1,"11":1,"12":1,"13":0,"14":0,"15":0,"16":0,"17":0,"18":2,"19":1,"20":1,"21":2,"22":2,"23":2},"fnMap":{"1":{"name":"(anonymous_1)","line":1,"loc":{"start":{"line":1,"column":17},"end":{"line":1,"column":48}}},"2":{"name":"(anonymous_2)","line":69,"loc":{"start":{"line":69,"column":21},"end":{"line":69,"column":55}}},"3":{"name":"(anonymous_3)","line":78,"loc":{"start":{"line":78,"column":16},"end":{"line":78,"column":35}}},"4":{"name":"(anonymous_4)","line":89,"loc":{"start":{"line":89,"column":17},"end":{"line":89,"column":51}}},"5":{"name":"(anonymous_5)","line":100,"loc":{"start":{"line":100,"column":26},"end":{"line":100,"column":48}}},"6":{"name":"(anonymous_6)","line":102,"loc":{"start":{"line":102,"column":35},"end":{"line":102,"column":55}}},"7":{"name":"(anonymous_7)","line":111,"loc":{"start":{"line":111,"column":33},"end":{"line":111,"column":54}}},"8":{"name":"(anonymous_8)","line":131,"loc":{"start":{"line":131,"column":22},"end":{"line":131,"column":56}}},"9":{"name":"(anonymous_9)","line":134,"loc":{"start":{"line":134,"column":42},"end":{"line":134,"column":62}}},"10":{"name":"(anonymous_10)","line":138,"loc":{"start":{"line":138,"column":16},"end":{"line":138,"column":36}}},"11":{"name":"(anonymous_11)","line":145,"loc":{"start":{"line":145,"column":13},"end":{"line":145,"column":42}}},"12":{"name":"(anonymous_12)","line":146,"loc":{"start":{"line":146,"column":34},"end":{"line":146,"column":54}}},"13":{"name":"(anonymous_13)","line":152,"loc":{"start":{"line":152,"column":22},"end":{"line":152,"column":56}}},"14":{"name":"(anonymous_14)","line":154,"loc":{"start":{"line":154,"column":26},"end":{"line":154,"column":48}}},"15":{"name":"(anonymous_15)","line":156,"loc":{"start":{"line":156,"column":39},"end":{"line":156,"column":59}}},"16":{"name":"(anonymous_16)","line":165,"loc":{"start":{"line":165,"column":31},"end":{"line":165,"column":51}}},"17":{"name":"(anonymous_17)","line":175,"loc":{"start":{"line":175,"column":30},"end":{"line":175,"column":51}}},"18":{"name":"(anonymous_18)","line":196,"loc":{"start":{"line":196,"column":23},"end":{"line":196,"column":57}}},"19":{"name":"(anonymous_19)","line":202,"loc":{"start":{"line":202,"column":35},"end":{"line":202,"column":55}}},"20":{"name":"(anonymous_20)","line":206,"loc":{"start":{"line":206,"column":18},"end":{"line":206,"column":38}}},"21":{"name":"(anonymous_21)","line":217,"loc":{"start":{"line":217,"column":16},"end":{"line":217,"column":36}}},"22":{"name":"(anonymous_22)","line":226,"loc":{"start":{"line":226,"column":23},"end":{"line":226,"column":57}}},"23":{"name":"(anonymous_23)","line":232,"loc":{"start":{"line":232,"column":16},"end":{"line":232,"column":37}}}},"statementMap":{"1":{"start":{"line":1,"column":0},"end":{"line":259,"column":2}},"2":{"start":{"line":3,"column":2},"end":{"line":3,"column":33}},"3":{"start":{"line":5,"column":2},"end":{"line":67,"column":4}},"4":{"start":{"line":69,"column":2},"end":{"line":87,"column":4}},"5":{"start":{"line":70,"column":4},"end":{"line":70,"column":45}},"6":{"start":{"line":71,"column":4},"end":{"line":71,"column":36}},"7":{"start":{"line":72,"column":4},"end":{"line":86,"column":7}},"8":{"start":{"line":79,"column":6},"end":{"line":84,"column":7}},"9":{"start":{"line":80,"column":8},"end":{"line":83,"column":11}},"10":{"start":{"line":85,"column":6},"end":{"line":85,"column":20}},"11":{"start":{"line":89,"column":2},"end":{"line":129,"column":4}},"12":{"start":{"line":90,"column":4},"end":{"line":91,"column":4}},"13":{"start":{"line":91,"column":4},"end":{"line":91,"column":45}},"14":{"start":{"line":92,"column":4},"end":{"line":92,"column":36}},"15":{"start":{"line":93,"column":4},"end":{"line":100,"column":4}},"16":{"start":{"line":100,"column":4},"end":{"line":128,"column":7}},"17":{"start":{"line":102,"column":6},"end":{"line":111,"column":6}},"18":{"start":{"line":103,"column":8},"end":{"line":106,"column":9}},"19":{"start":{"line":104,"column":10},"end":{"line":104,"column":33}},"20":{"start":{"line":105,"column":10},"end":{"line":105,"column":33}},"21":{"start":{"line":107,"column":8},"end":{"line":107,"column":29}},"22":{"start":{"line":108,"column":8},"end":{"line":108,"column":22}},"23":{"start":{"line":111,"column":6},"end":{"line":123,"column":6}},"24":{"start":{"line":112,"column":8},"end":{"line":112,"column":63}},"25":{"start":{"line":112,"column":40},"end":{"line":112,"column":63}},"26":{"start":{"line":113,"column":8},"end":{"line":118,"column":9}},"27":{"start":{"line":114,"column":10},"end":{"line":117,"column":13}},"28":{"start":{"line":119,"column":8},"end":{"line":119,"column":40}},"29":{"start":{"line":119,"column":17},"end":{"line":119,"column":40}},"30":{"start":{"line":120,"column":8},"end":{"line":120,"column":60}},"31":{"start":{"line":123,"column":6},"end":{"line":127,"column":40}},"32":{"start":{"line":131,"column":2},"end":{"line":143,"column":4}},"33":{"start":{"line":132,"column":4},"end":{"line":132,"column":45}},"34":{"start":{"line":133,"column":4},"end":{"line":133,"column":36}},"35":{"start":{"line":134,"column":4},"end":{"line":142,"column":7}},"36":{"start":{"line":135,"column":6},"end":{"line":135,"column":33}},"37":{"start":{"line":135,"column":15},"end":{"line":135,"column":33}},"38":{"start":{"line":136,"column":6},"end":{"line":141,"column":9}},"39":{"start":{"line":139,"column":8},"end":{"line":139,"column":35}},"40":{"start":{"line":139,"column":17},"end":{"line":139,"column":35}},"41":{"start":{"line":140,"column":8},"end":{"line":140,"column":29}},"42":{"start":{"line":145,"column":2},"end":{"line":150,"column":4}},"43":{"start":{"line":146,"column":4},"end":{"line":149,"column":7}},"44":{"start":{"line":147,"column":6},"end":{"line":147,"column":33}},"45":{"start":{"line":147,"column":15},"end":{"line":147,"column":33}},"46":{"start":{"line":148,"column":6},"end":{"line":148,"column":27}},"47":{"start":{"line":152,"column":2},"end":{"line":194,"column":4}},"48":{"start":{"line":153,"column":4},"end":{"line":154,"column":4}},"49":{"start":{"line":154,"column":4},"end":{"line":193,"column":7}},"50":{"start":{"line":156,"column":6},"end":{"line":165,"column":6}},"51":{"start":{"line":157,"column":8},"end":{"line":160,"column":9}},"52":{"start":{"line":158,"column":10},"end":{"line":158,"column":33}},"53":{"start":{"line":159,"column":10},"end":{"line":159,"column":33}},"54":{"start":{"line":161,"column":8},"end":{"line":161,"column":29}},"55":{"start":{"line":162,"column":8},"end":{"line":162,"column":22}},"56":{"start":{"line":165,"column":6},"end":{"line":175,"column":6}},"57":{"start":{"line":166,"column":8},"end":{"line":169,"column":9}},"58":{"start":{"line":167,"column":10},"end":{"line":167,"column":33}},"59":{"start":{"line":168,"column":10},"end":{"line":168,"column":33}},"60":{"start":{"line":170,"column":8},"end":{"line":172,"column":48}},"61":{"start":{"line":175,"column":6},"end":{"line":187,"column":6}},"62":{"start":{"line":176,"column":8},"end":{"line":176,"column":63}},"63":{"start":{"line":176,"column":40},"end":{"line":176,"column":63}},"64":{"start":{"line":177,"column":8},"end":{"line":182,"column":9}},"65":{"start":{"line":178,"column":10},"end":{"line":181,"column":13}},"66":{"start":{"line":183,"column":8},"end":{"line":183,"column":40}},"67":{"start":{"line":183,"column":17},"end":{"line":183,"column":40}},"68":{"start":{"line":184,"column":8},"end":{"line":184,"column":59}},"69":{"start":{"line":187,"column":6},"end":{"line":192,"column":37}},"70":{"start":{"line":196,"column":2},"end":{"line":224,"column":4}},"71":{"start":{"line":197,"column":4},"end":{"line":197,"column":53}},"72":{"start":{"line":198,"column":4},"end":{"line":198,"column":47}},"73":{"start":{"line":199,"column":4},"end":{"line":199,"column":53}},"74":{"start":{"line":200,"column":4},"end":{"line":200,"column":47}},"75":{"start":{"line":202,"column":4},"end":{"line":212,"column":4}},"76":{"start":{"line":203,"column":6},"end":{"line":203,"column":33}},"77":{"start":{"line":203,"column":15},"end":{"line":203,"column":33}},"78":{"start":{"line":204,"column":6},"end":{"line":209,"column":11}},"79":{"start":{"line":207,"column":10},"end":{"line":207,"column":37}},"80":{"start":{"line":207,"column":19},"end":{"line":207,"column":37}},"81":{"start":{"line":208,"column":10},"end":{"line":208,"column":24}},"82":{"start":{"line":212,"column":4},"end":{"line":223,"column":7}},"83":{"start":{"line":219,"column":6},"end":{"line":221,"column":7}},"84":{"start":{"line":220,"column":8},"end":{"line":220,"column":92}},"85":{"start":{"line":222,"column":6},"end":{"line":222,"column":63}},"86":{"start":{"line":226,"column":2},"end":{"line":242,"column":4}},"87":{"start":{"line":227,"column":4},"end":{"line":241,"column":7}},"88":{"start":{"line":233,"column":6},"end":{"line":238,"column":7}},"89":{"start":{"line":234,"column":8},"end":{"line":237,"column":11}},"90":{"start":{"line":239,"column":6},"end":{"line":239,"column":33}},"91":{"start":{"line":239,"column":15},"end":{"line":239,"column":33}},"92":{"start":{"line":240,"column":6},"end":{"line":240,"column":23}},"93":{"start":{"line":244,"column":2},"end":{"line":255,"column":5}},"94":{"start":{"line":257,"column":2},"end":{"line":257,"column":14}}},"branchMap":{"1":{"line":79,"type":"if","locations":[{"start":{"line":79,"column":6},"end":{"line":79,"column":6}},{"start":{"line":79,"column":6},"end":{"line":79,"column":6}}]},"2":{"line":79,"type":"binary-expr","locations":[{"start":{"line":79,"column":10},"end":{"line":79,"column":13}},{"start":{"line":79,"column":17},"end":{"line":79,"column":22}}]},"3":{"line":103,"type":"if","locations":[{"start":{"line":103,"column":8},"end":{"line":103,"column":8}},{"start":{"line":103,"column":8},"end":{"line":103,"column":8}}]},"4":{"line":112,"type":"if","locations":[{"start":{"line":112,"column":8},"end":{"line":112,"column":8}},{"start":{"line":112,"column":8},"end":{"line":112,"column":8}}]},"5":{"line":112,"type":"binary-expr","locations":[{"start":{"line":112,"column":12},"end":{"line":112,"column":15}},{"start":{"line":112,"column":20},"end":{"line":112,"column":25}},{"start":{"line":112,"column":29},"end":{"line":112,"column":37}}]},"6":{"line":113,"type":"if","locations":[{"start":{"line":113,"column":8},"end":{"line":113,"column":8}},{"start":{"line":113,"column":8},"end":{"line":113,"column":8}}]},"7":{"line":113,"type":"binary-expr","locations":[{"start":{"line":113,"column":12},"end":{"line":113,"column":17}},{"start":{"line":113,"column":21},"end":{"line":113,"column":29}}]},"8":{"line":119,"type":"if","locations":[{"start":{"line":119,"column":8},"end":{"line":119,"column":8}},{"start":{"line":119,"column":8},"end":{"line":119,"column":8}}]},"9":{"line":135,"type":"if","locations":[{"start":{"line":135,"column":6},"end":{"line":135,"column":6}},{"start":{"line":135,"column":6},"end":{"line":135,"column":6}}]},"10":{"line":139,"type":"if","locations":[{"start":{"line":139,"column":8},"end":{"line":139,"column":8}},{"start":{"line":139,"column":8},"end":{"line":139,"column":8}}]},"11":{"line":147,"type":"if","locations":[{"start":{"line":147,"column":6},"end":{"line":147,"column":6}},{"start":{"line":147,"column":6},"end":{"line":147,"column":6}}]},"12":{"line":157,"type":"if","locations":[{"start":{"line":157,"column":8},"end":{"line":157,"column":8}},{"start":{"line":157,"column":8},"end":{"line":157,"column":8}}]},"13":{"line":166,"type":"if","locations":[{"start":{"line":166,"column":8},"end":{"line":166,"column":8}},{"start":{"line":166,"column":8},"end":{"line":166,"column":8}}]},"14":{"line":176,"type":"if","locations":[{"start":{"line":176,"column":8},"end":{"line":176,"column":8}},{"start":{"line":176,"column":8},"end":{"line":176,"column":8}}]},"15":{"line":176,"type":"binary-expr","locations":[{"start":{"line":176,"column":12},"end":{"line":176,"column":15}},{"start":{"line":176,"column":20},"end":{"line":176,"column":25}},{"start":{"line":176,"column":29},"end":{"line":176,"column":37}}]},"16":{"line":177,"type":"if","locations":[{"start":{"line":177,"column":8},"end":{"line":177,"column":8}},{"start":{"line":177,"column":8},"end":{"line":177,"column":8}}]},"17":{"line":177,"type":"binary-expr","locations":[{"start":{"line":177,"column":12},"end":{"line":177,"column":17}},{"start":{"line":177,"column":21},"end":{"line":177,"column":29}}]},"18":{"line":183,"type":"if","locations":[{"start":{"line":183,"column":8},"end":{"line":183,"column":8}},{"start":{"line":183,"column":8},"end":{"line":183,"column":8}}]},"19":{"line":203,"type":"if","locations":[{"start":{"line":203,"column":6},"end":{"line":203,"column":6}},{"start":{"line":203,"column":6},"end":{"line":203,"column":6}}]},"20":{"line":207,"type":"if","locations":[{"start":{"line":207,"column":10},"end":{"line":207,"column":10}},{"start":{"line":207,"column":10},"end":{"line":207,"column":10}}]},"21":{"line":219,"type":"if","locations":[{"start":{"line":219,"column":6},"end":{"line":219,"column":6}},{"start":{"line":219,"column":6},"end":{"line":219,"column":6}}]},"22":{"line":219,"type":"binary-expr","locations":[{"start":{"line":219,"column":9},"end":{"line":219,"column":12}},{"start":{"line":219,"column":16},"end":{"line":219,"column":22}},{"start":{"line":219,"column":26},"end":{"line":219,"column":35}}]},"23":{"line":233,"type":"if","locations":[{"start":{"line":233,"column":6},"end":{"line":233,"column":6}},{"start":{"line":233,"column":6},"end":{"line":233,"column":6}}]},"24":{"line":233,"type":"binary-expr","locations":[{"start":{"line":233,"column":10},"end":{"line":233,"column":15}},{"start":{"line":233,"column":19},"end":{"line":233,"column":27}}]},"25":{"line":239,"type":"if","locations":[{"start":{"line":239,"column":6},"end":{"line":239,"column":6}},{"start":{"line":239,"column":6},"end":{"line":239,"column":6}}]}}},"/Users/rafaeljesus/agencia/app/models/votes.js":{"path":"/Users/rafaeljesus/agencia/app/models/votes.js","s":{"1":1,"2":1,"3":1,"4":1,"5":1,"6":1},"b":{},"f":{"1":1,"2":1},"fnMap":{"1":{"name":"(anonymous_1)","line":1,"loc":{"start":{"line":1,"column":17},"end":{"line":1,"column":48}}},"2":{"name":"(anonymous_2)","line":10,"loc":{"start":{"line":10,"column":17},"end":{"line":10,"column":34}}}},"statementMap":{"1":{"start":{"line":1,"column":0},"end":{"line":20,"column":2}},"2":{"start":{"line":3,"column":2},"end":{"line":6,"column":4}},"3":{"start":{"line":8,"column":2},"end":{"line":17,"column":5}},"4":{"start":{"line":11,"column":8},"end":{"line":11,"column":87}},"5":{"start":{"line":12,"column":8},"end":{"line":12,"column":90}},"6":{"start":{"line":19,"column":2},"end":{"line":19,"column":15}}},"branchMap":{}},"/Users/rafaeljesus/agencia/app/models/wanted_profile.js":{"path":"/Users/rafaeljesus/agencia/app/models/wanted_profile.js","s":{"1":1,"2":1,"3":1,"4":1,"5":1},"b":{},"f":{"1":1,"2":1},"fnMap":{"1":{"name":"(anonymous_1)","line":1,"loc":{"start":{"line":1,"column":17},"end":{"line":1,"column":48}}},"2":{"name":"(anonymous_2)","line":43,"loc":{"start":{"line":43,"column":17},"end":{"line":43,"column":33}}}},"statementMap":{"1":{"start":{"line":1,"column":0},"end":{"line":53,"column":2}},"2":{"start":{"line":3,"column":2},"end":{"line":39,"column":4}},"3":{"start":{"line":41,"column":2},"end":{"line":49,"column":5}},"4":{"start":{"line":44,"column":8},"end":{"line":44,"column":75}},"5":{"start":{"line":51,"column":2},"end":{"line":51,"column":23}}},"branchMap":{}},"/Users/rafaeljesus/agencia/app/controllers/contact.js":{"path":"/Users/rafaeljesus/agencia/app/controllers/contact.js","s":{"1":1,"2":1,"3":1,"4":0,"5":0,"6":0,"7":0,"8":0,"9":0,"10":0,"11":0,"12":0,"13":0,"14":1},"b":{},"f":{"1":1,"2":0,"3":0,"4":0,"5":0,"6":0,"7":0,"8":0,"9":0,"10":0},"fnMap":{"1":{"name":"(anonymous_1)","line":1,"loc":{"start":{"line":1,"column":17},"end":{"line":1,"column":31}}},"2":{"name":"(anonymous_2)","line":7,"loc":{"start":{"line":7,"column":10},"end":{"line":7,"column":29}}},"3":{"name":"(anonymous_3)","line":8,"loc":{"start":{"line":8,"column":34},"end":{"line":8,"column":52}}},"4":{"name":"(anonymous_4)","line":10,"loc":{"start":{"line":10,"column":9},"end":{"line":10,"column":23}}},"5":{"name":"(anonymous_5)","line":15,"loc":{"start":{"line":15,"column":12},"end":{"line":15,"column":31}}},"6":{"name":"(anonymous_6)","line":16,"loc":{"start":{"line":16,"column":46},"end":{"line":16,"column":63}}},"7":{"name":"(anonymous_7)","line":19,"loc":{"start":{"line":19,"column":6},"end":{"line":19,"column":19}}},"8":{"name":"(anonymous_8)","line":24,"loc":{"start":{"line":24,"column":20},"end":{"line":24,"column":39}}},"9":{"name":"(anonymous_9)","line":29,"loc":{"start":{"line":29,"column":38},"end":{"line":29,"column":54}}},"10":{"name":"(anonymous_10)","line":32,"loc":{"start":{"line":32,"column":6},"end":{"line":32,"column":20}}}},"statementMap":{"1":{"start":{"line":1,"column":0},"end":{"line":40,"column":2}},"2":{"start":{"line":3,"column":2},"end":{"line":3,"column":45}},"3":{"start":{"line":5,"column":2},"end":{"line":36,"column":4}},"4":{"start":{"line":8,"column":6},"end":{"line":13,"column":4}},"5":{"start":{"line":9,"column":8},"end":{"line":9,"column":26}},"6":{"start":{"line":11,"column":8},"end":{"line":11,"column":27}},"7":{"start":{"line":16,"column":6},"end":{"line":22,"column":4}},"8":{"start":{"line":17,"column":8},"end":{"line":17,"column":26}},"9":{"start":{"line":20,"column":8},"end":{"line":20,"column":27}},"10":{"start":{"line":25,"column":6},"end":{"line":29,"column":6}},"11":{"start":{"line":29,"column":6},"end":{"line":34,"column":9}},"12":{"start":{"line":30,"column":8},"end":{"line":30,"column":24}},"13":{"start":{"line":33,"column":8},"end":{"line":33,"column":27}},"14":{"start":{"line":38,"column":2},"end":{"line":38,"column":27}}},"branchMap":{}},"/Users/rafaeljesus/agencia/app/controllers/home.js":{"path":"/Users/rafaeljesus/agencia/app/controllers/home.js","s":{"1":1,"2":1,"3":1,"4":1,"5":1},"b":{},"f":{"1":1,"2":1},"fnMap":{"1":{"name":"(anonymous_1)","line":1,"loc":{"start":{"line":1,"column":17},"end":{"line":1,"column":31}}},"2":{"name":"(anonymous_2)","line":6,"loc":{"start":{"line":6,"column":11},"end":{"line":6,"column":30}}}},"statementMap":{"1":{"start":{"line":1,"column":0},"end":{"line":13,"column":2}},"2":{"start":{"line":3,"column":2},"end":{"line":3,"column":39}},"3":{"start":{"line":5,"column":2},"end":{"line":9,"column":4}},"4":{"start":{"line":7,"column":6},"end":{"line":7,"column":31}},"5":{"start":{"line":11,"column":2},"end":{"line":11,"column":24}}},"branchMap":{}},"/Users/rafaeljesus/agencia/app/controllers/picture.js":{"path":"/Users/rafaeljesus/agencia/app/controllers/picture.js","s":{"1":1,"2":1,"3":1,"4":0,"5":0,"6":0,"7":0,"8":0,"9":0,"10":0,"11":1,"12":0,"13":0,"14":0,"15":0,"16":0,"17":0,"18":0,"19":0,"20":0,"21":0,"22":0,"23":0,"24":0,"25":0,"26":0,"27":0,"28":0,"29":0,"30":0,"31":0,"32":0,"33":0,"34":0,"35":0,"36":0,"37":0,"38":0,"39":0,"40":0,"41":1},"b":{"1":[0,0],"2":[0,0],"3":[0,0]},"f":{"1":1,"2":0,"3":0,"4":0,"5":0,"6":0,"7":0,"8":0,"9":0,"10":0,"11":0,"12":0,"13":0,"14":0},"fnMap":{"1":{"name":"(anonymous_1)","line":1,"loc":{"start":{"line":1,"column":17},"end":{"line":1,"column":31}}},"2":{"name":"(anonymous_2)","line":10,"loc":{"start":{"line":10,"column":21},"end":{"line":10,"column":64}}},"3":{"name":"(anonymous_3)","line":14,"loc":{"start":{"line":14,"column":25},"end":{"line":14,"column":39}}},"4":{"name":"(anonymous_4)","line":17,"loc":{"start":{"line":17,"column":7},"end":{"line":17,"column":20}}},"5":{"name":"(anonymous_5)","line":24,"loc":{"start":{"line":24,"column":10},"end":{"line":24,"column":29}}},"6":{"name":"(anonymous_6)","line":26,"loc":{"start":{"line":26,"column":34},"end":{"line":26,"column":52}}},"7":{"name":"(anonymous_7)","line":28,"loc":{"start":{"line":28,"column":9},"end":{"line":28,"column":23}}},"8":{"name":"(anonymous_8)","line":33,"loc":{"start":{"line":33,"column":18},"end":{"line":33,"column":37}}},"9":{"name":"(anonymous_9)","line":36,"loc":{"start":{"line":36,"column":34},"end":{"line":36,"column":52}}},"10":{"name":"(anonymous_10)","line":44,"loc":{"start":{"line":44,"column":9},"end":{"line":44,"column":23}}},"11":{"name":"(anonymous_11)","line":49,"loc":{"start":{"line":49,"column":17},"end":{"line":49,"column":35}}},"12":{"name":"(anonymous_12)","line":52,"loc":{"start":{"line":52,"column":22},"end":{"line":52,"column":54}}},"13":{"name":"(anonymous_13)","line":69,"loc":{"start":{"line":69,"column":16},"end":{"line":69,"column":32}}},"14":{"name":"(anonymous_14)","line":71,"loc":{"start":{"line":71,"column":11},"end":{"line":71,"column":25}}}},"statementMap":{"1":{"start":{"line":1,"column":0},"end":{"line":80,"column":2}},"2":{"start":{"line":3,"column":2},"end":{"line":8,"column":96}},"3":{"start":{"line":10,"column":2},"end":{"line":20,"column":4}},"4":{"start":{"line":11,"column":4},"end":{"line":11,"column":49}},"5":{"start":{"line":12,"column":4},"end":{"line":13,"column":4}},"6":{"start":{"line":13,"column":4},"end":{"line":13,"column":33}},"7":{"start":{"line":14,"column":4},"end":{"line":19,"column":7}},"8":{"start":{"line":15,"column":6},"end":{"line":15,"column":33}},"9":{"start":{"line":16,"column":6},"end":{"line":16,"column":21}},"10":{"start":{"line":18,"column":6},"end":{"line":18,"column":25}},"11":{"start":{"line":22,"column":2},"end":{"line":76,"column":4}},"12":{"start":{"line":25,"column":6},"end":{"line":25,"column":72}},"13":{"start":{"line":26,"column":6},"end":{"line":31,"column":4}},"14":{"start":{"line":27,"column":8},"end":{"line":27,"column":26}},"15":{"start":{"line":29,"column":8},"end":{"line":29,"column":32}},"16":{"start":{"line":34,"column":6},"end":{"line":34,"column":82}},"17":{"start":{"line":35,"column":6},"end":{"line":35,"column":44}},"18":{"start":{"line":36,"column":6},"end":{"line":47,"column":4}},"19":{"start":{"line":37,"column":8},"end":{"line":39,"column":9}},"20":{"start":{"line":38,"column":10},"end":{"line":38,"column":41}},"21":{"start":{"line":40,"column":8},"end":{"line":40,"column":69}},"22":{"start":{"line":41,"column":8},"end":{"line":41,"column":60}},"23":{"start":{"line":42,"column":8},"end":{"line":42,"column":32}},"24":{"start":{"line":43,"column":8},"end":{"line":43,"column":18}},"25":{"start":{"line":45,"column":8},"end":{"line":45,"column":32}},"26":{"start":{"line":50,"column":6},"end":{"line":50,"column":47}},"27":{"start":{"line":51,"column":6},"end":{"line":51,"column":30}},"28":{"start":{"line":52,"column":6},"end":{"line":74,"column":9}},"29":{"start":{"line":53,"column":8},"end":{"line":53,"column":29}},"30":{"start":{"line":54,"column":8},"end":{"line":54,"column":30}},"31":{"start":{"line":55,"column":8},"end":{"line":55,"column":29}},"32":{"start":{"line":56,"column":8},"end":{"line":56,"column":30}},"33":{"start":{"line":57,"column":8},"end":{"line":57,"column":43}},"34":{"start":{"line":59,"column":8},"end":{"line":59,"column":44}},"35":{"start":{"line":59,"column":20},"end":{"line":59,"column":44}},"36":{"start":{"line":61,"column":8},"end":{"line":61,"column":54}},"37":{"start":{"line":62,"column":8},"end":{"line":62,"column":71}},"38":{"start":{"line":64,"column":8},"end":{"line":73,"column":11}},"39":{"start":{"line":70,"column":10},"end":{"line":70,"column":58}},"40":{"start":{"line":72,"column":10},"end":{"line":72,"column":34}},"41":{"start":{"line":78,"column":2},"end":{"line":78,"column":27}}},"branchMap":{"1":{"line":37,"type":"if","locations":[{"start":{"line":37,"column":8},"end":{"line":37,"column":8}},{"start":{"line":37,"column":8},"end":{"line":37,"column":8}}]},"2":{"line":37,"type":"binary-expr","locations":[{"start":{"line":37,"column":12},"end":{"line":37,"column":20}},{"start":{"line":37,"column":24},"end":{"line":37,"column":44}}]},"3":{"line":59,"type":"if","locations":[{"start":{"line":59,"column":8},"end":{"line":59,"column":8}},{"start":{"line":59,"column":8},"end":{"line":59,"column":8}}]}}},"/Users/rafaeljesus/agencia/app/controllers/profile.js":{"path":"/Users/rafaeljesus/agencia/app/controllers/profile.js","s":{"1":1,"2":1,"3":1,"4":0,"5":0,"6":0,"7":0,"8":0,"9":0,"10":0,"11":0,"12":0,"13":0,"14":0,"15":0,"16":0,"17":1},"b":{},"f":{"1":1,"2":0,"3":0,"4":0,"5":0,"6":0,"7":0,"8":0,"9":0,"10":0,"11":0,"12":0,"13":0},"fnMap":{"1":{"name":"(anonymous_1)","line":1,"loc":{"start":{"line":1,"column":17},"end":{"line":1,"column":31}}},"2":{"name":"(anonymous_2)","line":9,"loc":{"start":{"line":9,"column":10},"end":{"line":9,"column":29}}},"3":{"name":"(anonymous_3)","line":10,"loc":{"start":{"line":10,"column":31},"end":{"line":10,"column":46}}},"4":{"name":"(anonymous_4)","line":13,"loc":{"start":{"line":13,"column":6},"end":{"line":13,"column":20}}},"5":{"name":"(anonymous_5)","line":18,"loc":{"start":{"line":18,"column":12},"end":{"line":18,"column":31}}},"6":{"name":"(anonymous_6)","line":19,"loc":{"start":{"line":19,"column":43},"end":{"line":19,"column":58}}},"7":{"name":"(anonymous_7)","line":22,"loc":{"start":{"line":22,"column":6},"end":{"line":22,"column":20}}},"8":{"name":"(anonymous_8)","line":27,"loc":{"start":{"line":27,"column":20},"end":{"line":27,"column":39}}},"9":{"name":"(anonymous_9)","line":28,"loc":{"start":{"line":28,"column":44},"end":{"line":28,"column":59}}},"10":{"name":"(anonymous_10)","line":31,"loc":{"start":{"line":31,"column":6},"end":{"line":31,"column":20}}},"11":{"name":"(anonymous_11)","line":36,"loc":{"start":{"line":36,"column":20},"end":{"line":36,"column":39}}},"12":{"name":"(anonymous_12)","line":41,"loc":{"start":{"line":41,"column":35},"end":{"line":41,"column":51}}},"13":{"name":"(anonymous_13)","line":44,"loc":{"start":{"line":44,"column":6},"end":{"line":44,"column":20}}}},"statementMap":{"1":{"start":{"line":1,"column":0},"end":{"line":52,"column":2}},"2":{"start":{"line":3,"column":2},"end":{"line":5,"column":41}},"3":{"start":{"line":7,"column":2},"end":{"line":48,"column":4}},"4":{"start":{"line":10,"column":6},"end":{"line":16,"column":4}},"5":{"start":{"line":11,"column":8},"end":{"line":11,"column":23}},"6":{"start":{"line":14,"column":8},"end":{"line":14,"column":27}},"7":{"start":{"line":19,"column":6},"end":{"line":25,"column":4}},"8":{"start":{"line":20,"column":8},"end":{"line":20,"column":23}},"9":{"start":{"line":23,"column":8},"end":{"line":23,"column":27}},"10":{"start":{"line":28,"column":6},"end":{"line":34,"column":4}},"11":{"start":{"line":29,"column":8},"end":{"line":29,"column":23}},"12":{"start":{"line":32,"column":8},"end":{"line":32,"column":27}},"13":{"start":{"line":37,"column":6},"end":{"line":41,"column":6}},"14":{"start":{"line":41,"column":6},"end":{"line":47,"column":4}},"15":{"start":{"line":42,"column":8},"end":{"line":42,"column":24}},"16":{"start":{"line":45,"column":8},"end":{"line":45,"column":27}},"17":{"start":{"line":50,"column":2},"end":{"line":50,"column":27}}},"branchMap":{}},"/Users/rafaeljesus/agencia/app/routes/authentication.js":{"path":"/Users/rafaeljesus/agencia/app/routes/authentication.js","s":{"1":1,"2":1,"3":1,"4":1,"5":1},"b":{},"f":{"1":1},"fnMap":{"1":{"name":"(anonymous_1)","line":1,"loc":{"start":{"line":1,"column":17},"end":{"line":1,"column":31}}}},"statementMap":{"1":{"start":{"line":1,"column":0},"end":{"line":9,"column":2}},"2":{"start":{"line":3,"column":2},"end":{"line":3,"column":44}},"3":{"start":{"line":5,"column":2},"end":{"line":5,"column":42}},"4":{"start":{"line":6,"column":2},"end":{"line":6,"column":36}},"5":{"start":{"line":7,"column":2},"end":{"line":7,"column":44}}},"branchMap":{}},"/Users/rafaeljesus/agencia/app/routes/contact.js":{"path":"/Users/rafaeljesus/agencia/app/routes/contact.js","s":{"1":1,"2":1,"3":1,"4":1,"5":1},"b":{},"f":{"1":1},"fnMap":{"1":{"name":"(anonymous_1)","line":1,"loc":{"start":{"line":1,"column":17},"end":{"line":1,"column":31}}}},"statementMap":{"1":{"start":{"line":1,"column":0},"end":{"line":8,"column":2}},"2":{"start":{"line":3,"column":2},"end":{"line":3,"column":40}},"3":{"start":{"line":5,"column":2},"end":{"line":5,"column":40}},"4":{"start":{"line":6,"column":2},"end":{"line":6,"column":38}},"5":{"start":{"line":7,"column":2},"end":{"line":7,"column":57}}},"branchMap":{}},"/Users/rafaeljesus/agencia/app/routes/home.js":{"path":"/Users/rafaeljesus/agencia/app/routes/home.js","s":{"1":1,"2":1,"3":1},"b":{},"f":{"1":1},"fnMap":{"1":{"name":"(anonymous_1)","line":1,"loc":{"start":{"line":1,"column":17},"end":{"line":1,"column":31}}}},"statementMap":{"1":{"start":{"line":1,"column":0},"end":{"line":6,"column":2}},"2":{"start":{"line":3,"column":2},"end":{"line":3,"column":34}},"3":{"start":{"line":5,"column":2},"end":{"line":5,"column":27}}},"branchMap":{}},"/Users/rafaeljesus/agencia/app/routes/picture.js":{"path":"/Users/rafaeljesus/agencia/app/routes/picture.js","s":{"1":1,"2":1,"3":1,"4":1,"5":1},"b":{},"f":{"1":1},"fnMap":{"1":{"name":"(anonymous_1)","line":1,"loc":{"start":{"line":1,"column":17},"end":{"line":1,"column":31}}}},"statementMap":{"1":{"start":{"line":1,"column":0},"end":{"line":8,"column":2}},"2":{"start":{"line":3,"column":2},"end":{"line":3,"column":40}},"3":{"start":{"line":5,"column":2},"end":{"line":5,"column":40}},"4":{"start":{"line":6,"column":2},"end":{"line":7,"column":2}},"5":{"start":{"line":7,"column":2},"end":{"line":7,"column":57}}},"branchMap":{}},"/Users/rafaeljesus/agencia/app/routes/profile.js":{"path":"/Users/rafaeljesus/agencia/app/routes/profile.js","s":{"1":1,"2":1,"3":1,"4":1,"5":1,"6":1},"b":{},"f":{"1":1},"fnMap":{"1":{"name":"(anonymous_1)","line":1,"loc":{"start":{"line":1,"column":17},"end":{"line":1,"column":31}}}},"statementMap":{"1":{"start":{"line":1,"column":0},"end":{"line":10,"column":2}},"2":{"start":{"line":3,"column":2},"end":{"line":3,"column":40}},"3":{"start":{"line":5,"column":2},"end":{"line":5,"column":38}},"4":{"start":{"line":7,"column":2},"end":{"line":7,"column":38}},"5":{"start":{"line":8,"column":2},"end":{"line":8,"column":61}},"6":{"start":{"line":9,"column":2},"end":{"line":9,"column":56}}},"branchMap":{}}}