TN:
SF:/Users/rafaeljesus/agencia/app.js
FN:37,(anonymous_1)
FNF:1
FNH:1
FNDA:1,(anonymous_1)
DA:1,1
DA:15,1
DA:16,1
DA:18,1
DA:19,1
DA:20,1
DA:21,1
DA:22,1
DA:23,1
DA:24,1
DA:28,1
DA:29,1
DA:31,1
DA:35,1
DA:37,1
DA:38,1
DA:41,1
LF:17
LH:17
BRDA:35,1,0,1
BRDA:35,1,1,1
BRF:2
BRH:2
end_of_record
TN:
SF:/Users/rafaeljesus/agencia/app/controllers/authentication.js
FN:1,(anonymous_1)
FN:7,(anonymous_2)
FN:8,(anonymous_3)
FN:15,(anonymous_4)
FN:20,(anonymous_5)
FN:21,(anonymous_6)
FN:28,(anonymous_7)
FN:33,(anonymous_8)
FN:38,(anonymous_9)
FN:40,(anonymous_10)
FNF:10
FNH:7
FNDA:1,(anonymous_1)
FNDA:1,(anonymous_2)
FNDA:1,(anonymous_3)
FNDA:0,(anonymous_4)
FNDA:1,(anonymous_5)
FNDA:1,(anonymous_6)
FNDA:0,(anonymous_7)
FNDA:1,(anonymous_8)
FNDA:1,(anonymous_9)
FNDA:0,(anonymous_10)
DA:1,1
DA:3,1
DA:5,1
DA:8,1
DA:9,1
DA:14,1
DA:16,0
DA:21,1
DA:22,1
DA:27,1
DA:29,0
DA:34,1
DA:38,1
DA:39,1
DA:41,0
DA:46,1
LF:16
LH:13
BRF:0
BRH:0
end_of_record
TN:
SF:/Users/rafaeljesus/agencia/app/models/index.js
FN:15,(anonymous_1)
FN:18,(anonymous_2)
FN:23,(anonymous_3)
FNF:3
FNH:3
FNDA:13,(anonymous_1)
FNDA:12,(anonymous_2)
FNDA:12,(anonymous_3)
DA:1,1
DA:13,1
DA:16,13
DA:19,12
DA:20,12
DA:23,1
DA:24,12
DA:25,11
DA:29,1
LF:9
LH:9
BRDA:16,1,0,13
BRDA:16,1,1,13
BRDA:24,2,0,11
BRDA:24,2,1,1
BRF:4
BRH:4
end_of_record
TN:
SF:/Users/rafaeljesus/agencia/app/models/alert.js
FN:1,(anonymous_1)
FN:5,(anonymous_2)
FNF:2
FNH:2
FNDA:1,(anonymous_1)
FNDA:1,(anonymous_2)
DA:1,1
DA:3,1
DA:6,1
DA:12,1
LF:4
LH:4
BRF:0
BRH:0
end_of_record
TN:
SF:/Users/rafaeljesus/agencia/app/models/answer.js
FN:1,(anonymous_1)
FN:9,(anonymous_2)
FNF:2
FNH:2
FNDA:1,(anonymous_1)
FNDA:1,(anonymous_2)
DA:1,1
DA:3,1
DA:7,1
DA:10,1
DA:17,1
LF:5
LH:5
BRF:0
BRH:0
end_of_record
TN:
SF:/Users/rafaeljesus/agencia/app/models/contact.js
FN:1,(anonymous_1)
FN:12,(anonymous_2)
FN:15,(anonymous_3)
FN:21,(anonymous_4)
FN:22,(anonymous_5)
FN:24,(anonymous_6)
FN:34,(anonymous_7)
FN:39,(anonymous_8)
FN:66,(anonymous_9)
FN:72,(anonymous_10)
FN:91,(anonymous_11)
FNF:11
FNH:11
FNDA:1,(anonymous_1)
FNDA:6,(anonymous_2)
FNDA:6,(anonymous_3)
FNDA:7,(anonymous_4)
FNDA:7,(anonymous_5)
FNDA:5,(anonymous_6)
FNDA:6,(anonymous_7)
FNDA:7,(anonymous_8)
FNDA:2,(anonymous_9)
FNDA:2,(anonymous_10)
FNDA:1,(anonymous_11)
DA:1,1
DA:3,1
DA:12,1
DA:13,6
DA:16,6
DA:17,6
DA:21,1
DA:22,7
DA:23,7
DA:24,7
DA:25,5
DA:26,0
DA:27,0
DA:28,0
DA:30,5
DA:31,5
DA:34,7
DA:35,6
DA:36,5
DA:39,7
DA:40,7
DA:41,1
DA:42,1
DA:45,7
DA:46,1
DA:51,6
DA:52,6
DA:57,7
DA:66,1
DA:67,2
DA:73,2
DA:74,1
DA:78,1
DA:79,0
DA:84,1
DA:88,1
DA:92,1
DA:101,1
LF:38
LH:34
BRDA:16,1,0,0
BRDA:16,1,1,6
BRDA:25,2,0,0
BRDA:25,2,1,5
BRDA:35,3,0,1
BRDA:35,3,1,5
BRDA:35,4,0,6
BRDA:35,4,1,6
BRDA:40,5,0,1
BRDA:40,5,1,6
BRDA:40,6,0,7
BRDA:40,6,1,7
BRDA:40,6,2,7
BRDA:45,7,0,1
BRDA:45,7,1,6
BRDA:45,8,0,7
BRDA:45,8,1,7
BRDA:51,9,0,0
BRDA:51,9,1,6
BRDA:73,10,0,1
BRDA:73,10,1,1
BRDA:73,11,0,2
BRDA:73,11,1,2
BRDA:78,12,0,0
BRDA:78,12,1,1
BRF:25
BRH:21
end_of_record
TN:
SF:/Users/rafaeljesus/agencia/app/models/message.js
FN:1,(anonymous_1)
FN:11,(anonymous_2)
FNF:2
FNH:2
FNDA:1,(anonymous_1)
FNDA:1,(anonymous_2)
DA:1,1
DA:3,1
DA:9,1
DA:12,1
DA:13,1
DA:21,1
LF:6
LH:6
BRF:0
BRH:0
end_of_record
TN:
SF:/Users/rafaeljesus/agencia/app/models/payment.js
FN:1,(anonymous_1)
FN:14,(anonymous_2)
FNF:2
FNH:2
FNDA:1,(anonymous_1)
FNDA:1,(anonymous_2)
DA:1,1
DA:3,1
DA:12,1
DA:15,1
DA:23,1
LF:5
LH:5
BRF:0
BRH:0
end_of_record
TN:
SF:/Users/rafaeljesus/agencia/app/models/picture.js
FN:1,(anonymous_1)
FN:9,(anonymous_2)
FN:12,(anonymous_3)
FN:20,(anonymous_4)
FN:25,(anonymous_5)
FN:44,(anonymous_6)
FNF:6
FNH:2
FNDA:1,(anonymous_1)
FNDA:0,(anonymous_2)
FNDA:0,(anonymous_3)
FNDA:0,(anonymous_4)
FNDA:0,(anonymous_5)
FNDA:1,(anonymous_6)
DA:1,1
DA:3,1
DA:9,1
DA:10,0
DA:13,0
DA:14,0
DA:16,0
DA:20,1
DA:21,0
DA:25,0
DA:26,0
DA:27,0
DA:28,0
DA:30,0
DA:35,0
DA:42,1
DA:45,1
DA:54,1
LF:18
LH:7
BRDA:13,1,0,0
BRDA:13,1,1,0
BRDA:26,2,0,0
BRDA:26,2,1,0
BRF:4
BRH:0
end_of_record
TN:
SF:/Users/rafaeljesus/agencia/app/models/poll.js
FN:1,(anonymous_1)
FN:9,(anonymous_2)
FNF:2
FNH:2
FNDA:1,(anonymous_1)
FNDA:1,(anonymous_2)
DA:1,1
DA:3,1
DA:7,1
DA:10,1
DA:17,1
LF:5
LH:5
BRF:0
BRH:0
end_of_record
TN:
SF:/Users/rafaeljesus/agencia/app/models/presented_users.js
FN:1,(anonymous_1)
FN:11,(anonymous_2)
FNF:2
FNH:2
FNDA:1,(anonymous_1)
FNDA:1,(anonymous_2)
DA:1,1
DA:3,1
DA:9,1
DA:12,1
DA:13,1
DA:21,1
LF:6
LH:6
BRF:0
BRH:0
end_of_record
TN:
SF:/Users/rafaeljesus/agencia/app/models/topic.js
FN:1,(anonymous_1)
FN:11,(anonymous_2)
FNF:2
FNH:2
FNDA:1,(anonymous_1)
FNDA:1,(anonymous_2)
DA:1,1
DA:3,1
DA:9,1
DA:12,1
DA:20,1
LF:5
LH:5
BRF:0
BRH:0
end_of_record
TN:
SF:/Users/rafaeljesus/agencia/app/models/user.js
FN:1,(anonymous_1)
FN:69,(anonymous_2)
FN:78,(anonymous_3)
FN:89,(anonymous_4)
FN:100,(anonymous_5)
FN:102,(anonymous_6)
FN:111,(anonymous_7)
FN:131,(anonymous_8)
FN:134,(anonymous_9)
FN:138,(anonymous_10)
FN:145,(anonymous_11)
FN:146,(anonymous_12)
FN:152,(anonymous_13)
FN:154,(anonymous_14)
FN:156,(anonymous_15)
FN:165,(anonymous_16)
FN:175,(anonymous_17)
FN:196,(anonymous_18)
FN:202,(anonymous_19)
FN:206,(anonymous_20)
FN:217,(anonymous_21)
FN:226,(anonymous_22)
FN:232,(anonymous_23)
FNF:23
FNH:18
FNDA:1,(anonymous_1)
FNDA:3,(anonymous_2)
FNDA:3,(anonymous_3)
FNDA:28,(anonymous_4)
FNDA:28,(anonymous_5)
FNDA:27,(anonymous_6)
FNDA:28,(anonymous_7)
FNDA:1,(anonymous_8)
FNDA:1,(anonymous_9)
FNDA:1,(anonymous_10)
FNDA:1,(anonymous_11)
FNDA:1,(anonymous_12)
FNDA:0,(anonymous_13)
FNDA:0,(anonymous_14)
FNDA:0,(anonymous_15)
FNDA:0,(anonymous_16)
FNDA:0,(anonymous_17)
FNDA:2,(anonymous_18)
FNDA:1,(anonymous_19)
FNDA:1,(anonymous_20)
FNDA:2,(anonymous_21)
FNDA:2,(anonymous_22)
FNDA:2,(anonymous_23)
DA:1,1
DA:3,1
DA:5,1
DA:69,1
DA:70,3
DA:71,3
DA:72,3
DA:79,3
DA:80,0
DA:85,3
DA:89,1
DA:90,28
DA:91,28
DA:92,28
DA:93,28
DA:100,28
DA:102,28
DA:103,27
DA:104,1
DA:105,1
DA:107,26
DA:108,26
DA:111,28
DA:112,28
DA:113,28
DA:114,1
DA:119,27
DA:120,27
DA:123,28
DA:131,1
DA:132,1
DA:133,1
DA:134,1
DA:135,1
DA:136,1
DA:139,1
DA:140,1
DA:145,1
DA:146,1
DA:147,1
DA:148,1
DA:152,1
DA:153,0
DA:154,0
DA:156,0
DA:157,0
DA:158,0
DA:159,0
DA:161,0
DA:162,0
DA:165,0
DA:166,0
DA:167,0
DA:168,0
DA:170,0
DA:175,0
DA:176,0
DA:177,0
DA:178,0
DA:183,0
DA:184,0
DA:187,0
DA:196,1
DA:197,2
DA:198,2
DA:199,2
DA:200,2
DA:202,2
DA:203,1
DA:204,1
DA:207,1
DA:208,1
DA:212,2
DA:219,2
DA:220,1
DA:222,1
DA:226,1
DA:227,2
DA:233,2
DA:234,1
DA:239,1
DA:240,1
DA:244,1
DA:257,1
LF:84
LH:63
BRDA:79,1,0,0
BRDA:79,1,1,3
BRDA:79,2,0,3
BRDA:79,2,1,3
BRDA:103,3,0,1
BRDA:103,3,1,26
BRDA:112,4,0,1
BRDA:112,4,1,27
BRDA:112,5,0,28
BRDA:112,5,1,28
BRDA:112,5,2,28
BRDA:113,6,0,1
BRDA:113,6,1,27
BRDA:113,7,0,28
BRDA:113,7,1,28
BRDA:119,8,0,0
BRDA:119,8,1,27
BRDA:135,9,0,0
BRDA:135,9,1,1
BRDA:139,10,0,0
BRDA:139,10,1,1
BRDA:147,11,0,0
BRDA:147,11,1,1
BRDA:157,12,0,0
BRDA:157,12,1,0
BRDA:166,13,0,0
BRDA:166,13,1,0
BRDA:176,14,0,0
BRDA:176,14,1,0
BRDA:176,15,0,0
BRDA:176,15,1,0
BRDA:176,15,2,0
BRDA:177,16,0,0
BRDA:177,16,1,0
BRDA:177,17,0,0
BRDA:177,17,1,0
BRDA:183,18,0,0
BRDA:183,18,1,0
BRDA:203,19,0,0
BRDA:203,19,1,1
BRDA:207,20,0,0
BRDA:207,20,1,1
BRDA:219,21,0,1
BRDA:219,21,1,1
BRDA:219,22,0,2
BRDA:219,22,1,2
BRDA:219,22,2,2
BRDA:233,23,0,1
BRDA:233,23,1,1
BRDA:233,24,0,2
BRDA:233,24,1,2
BRDA:239,25,0,0
BRDA:239,25,1,1
BRF:53
BRH:30
end_of_record
TN:
SF:/Users/rafaeljesus/agencia/app/models/votes.js
FN:1,(anonymous_1)
FN:10,(anonymous_2)
FNF:2
FNH:2
FNDA:1,(anonymous_1)
FNDA:1,(anonymous_2)
DA:1,1
DA:3,1
DA:8,1
DA:11,1
DA:12,1
DA:19,1
LF:6
LH:6
BRF:0
BRH:0
end_of_record
TN:
SF:/Users/rafaeljesus/agencia/app/models/wanted_profile.js
FN:1,(anonymous_1)
FN:43,(anonymous_2)
FNF:2
FNH:2
FNDA:1,(anonymous_1)
FNDA:1,(anonymous_2)
DA:1,1
DA:3,1
DA:41,1
DA:44,1
DA:51,1
LF:5
LH:5
BRF:0
BRH:0
end_of_record
TN:
SF:/Users/rafaeljesus/agencia/app/controllers/contact.js
FN:1,(anonymous_1)
FN:7,(anonymous_2)
FN:8,(anonymous_3)
FN:10,(anonymous_4)
FN:15,(anonymous_5)
FN:16,(anonymous_6)
FN:19,(anonymous_7)
FN:24,(anonymous_8)
FN:29,(anonymous_9)
FN:32,(anonymous_10)
FNF:10
FNH:1
FNDA:1,(anonymous_1)
FNDA:0,(anonymous_2)
FNDA:0,(anonymous_3)
FNDA:0,(anonymous_4)
FNDA:0,(anonymous_5)
FNDA:0,(anonymous_6)
FNDA:0,(anonymous_7)
FNDA:0,(anonymous_8)
FNDA:0,(anonymous_9)
FNDA:0,(anonymous_10)
DA:1,1
DA:3,1
DA:5,1
DA:8,0
DA:9,0
DA:11,0
DA:16,0
DA:17,0
DA:20,0
DA:25,0
DA:29,0
DA:30,0
DA:33,0
DA:38,1
LF:14
LH:4
BRF:0
BRH:0
end_of_record
TN:
SF:/Users/rafaeljesus/agencia/app/controllers/home.js
FN:1,(anonymous_1)
FN:6,(anonymous_2)
FNF:2
FNH:2
FNDA:1,(anonymous_1)
FNDA:1,(anonymous_2)
DA:1,1
DA:3,1
DA:5,1
DA:7,1
DA:11,1
LF:5
LH:5
BRF:0
BRH:0
end_of_record
TN:
SF:/Users/rafaeljesus/agencia/app/controllers/picture.js
FN:1,(anonymous_1)
FN:10,(anonymous_2)
FN:14,(anonymous_3)
FN:17,(anonymous_4)
FN:24,(anonymous_5)
FN:26,(anonymous_6)
FN:28,(anonymous_7)
FN:33,(anonymous_8)
FN:36,(anonymous_9)
FN:44,(anonymous_10)
FN:49,(anonymous_11)
FN:52,(anonymous_12)
FN:69,(anonymous_13)
FN:71,(anonymous_14)
FNF:14
FNH:1
FNDA:1,(anonymous_1)
FNDA:0,(anonymous_2)
FNDA:0,(anonymous_3)
FNDA:0,(anonymous_4)
FNDA:0,(anonymous_5)
FNDA:0,(anonymous_6)
FNDA:0,(anonymous_7)
FNDA:0,(anonymous_8)
FNDA:0,(anonymous_9)
FNDA:0,(anonymous_10)
FNDA:0,(anonymous_11)
FNDA:0,(anonymous_12)
FNDA:0,(anonymous_13)
FNDA:0,(anonymous_14)
DA:1,1
DA:3,1
DA:10,1
DA:11,0
DA:12,0
DA:13,0
DA:14,0
DA:15,0
DA:16,0
DA:18,0
DA:22,1
DA:25,0
DA:26,0
DA:27,0
DA:29,0
DA:34,0
DA:35,0
DA:36,0
DA:37,0
DA:38,0
DA:40,0
DA:41,0
DA:42,0
DA:43,0
DA:45,0
DA:50,0
DA:51,0
DA:52,0
DA:53,0
DA:54,0
DA:55,0
DA:56,0
DA:57,0
DA:59,0
DA:61,0
DA:62,0
DA:64,0
DA:70,0
DA:72,0
DA:78,1
LF:40
LH:5
BRDA:37,1,0,0
BRDA:37,1,1,0
BRDA:37,2,0,0
BRDA:37,2,1,0
BRDA:59,3,0,0
BRDA:59,3,1,0
BRF:6
BRH:0
end_of_record
TN:
SF:/Users/rafaeljesus/agencia/app/controllers/profile.js
FN:1,(anonymous_1)
FN:9,(anonymous_2)
FN:10,(anonymous_3)
FN:13,(anonymous_4)
FN:18,(anonymous_5)
FN:19,(anonymous_6)
FN:22,(anonymous_7)
FN:27,(anonymous_8)
FN:28,(anonymous_9)
FN:31,(anonymous_10)
FN:36,(anonymous_11)
FN:41,(anonymous_12)
FN:44,(anonymous_13)
FNF:13
FNH:1
FNDA:1,(anonymous_1)
FNDA:0,(anonymous_2)
FNDA:0,(anonymous_3)
FNDA:0,(anonymous_4)
FNDA:0,(anonymous_5)
FNDA:0,(anonymous_6)
FNDA:0,(anonymous_7)
FNDA:0,(anonymous_8)
FNDA:0,(anonymous_9)
FNDA:0,(anonymous_10)
FNDA:0,(anonymous_11)
FNDA:0,(anonymous_12)
FNDA:0,(anonymous_13)
DA:1,1
DA:3,1
DA:7,1
DA:10,0
DA:11,0
DA:14,0
DA:19,0
DA:20,0
DA:23,0
DA:28,0
DA:29,0
DA:32,0
DA:37,0
DA:41,0
DA:42,0
DA:45,0
DA:50,1
LF:17
LH:4
BRF:0
BRH:0
end_of_record
TN:
SF:/Users/rafaeljesus/agencia/app/routes/authentication.js
FN:1,(anonymous_1)
FNF:1
FNH:1
FNDA:1,(anonymous_1)
DA:1,1
DA:3,1
DA:5,1
DA:6,1
DA:7,1
LF:5
LH:5
BRF:0
BRH:0
end_of_record
TN:
SF:/Users/rafaeljesus/agencia/app/routes/contact.js
FN:1,(anonymous_1)
FNF:1
FNH:1
FNDA:1,(anonymous_1)
DA:1,1
DA:3,1
DA:5,1
DA:6,1
DA:7,1
LF:5
LH:5
BRF:0
BRH:0
end_of_record
TN:
SF:/Users/rafaeljesus/agencia/app/routes/home.js
FN:1,(anonymous_1)
FNF:1
FNH:1
FNDA:1,(anonymous_1)
DA:1,1
DA:3,1
DA:5,1
LF:3
LH:3
BRF:0
BRH:0
end_of_record
TN:
SF:/Users/rafaeljesus/agencia/app/routes/picture.js
FN:1,(anonymous_1)
FNF:1
FNH:1
FNDA:1,(anonymous_1)
DA:1,1
DA:3,1
DA:5,1
DA:6,1
DA:7,1
LF:5
LH:5
BRF:0
BRH:0
end_of_record
TN:
SF:/Users/rafaeljesus/agencia/app/routes/profile.js
FN:1,(anonymous_1)
FNF:1
FNH:1
FNDA:1,(anonymous_1)
DA:1,1
DA:3,1
DA:5,1
DA:7,1
DA:8,1
DA:9,1
LF:6
LH:6
BRF:0
BRH:0
end_of_record
